<?xml version="1.0" encoding="UTF-8"?>
<coverage generated="1621470419401" clover="3.2.0">
  <project timestamp="1621470419401" name="All files">
    <metrics statements="102" coveredstatements="84" conditionals="17" coveredconditionals="10" methods="40" coveredmethods="31" elements="159" coveredelements="125" complexity="0" loc="102" ncloc="102" packages="1" files="19" classes="19"/>
    <file name="anagram.js" path="E:\Code_X\Level3\JestJS\JSfiles\anagram.js">
      <metrics statements="3" coveredstatements="3" conditionals="0" coveredconditionals="0" methods="2" coveredmethods="2"/>
      <line num="2" count="1" type="stmt"/>
      <line num="7" count="2" type="stmt"/>
      <line num="15" count="1" type="stmt"/>
    </file>
    <file name="arraySort.js" path="E:\Code_X\Level3\JestJS\JSfiles\arraySort.js">
      <metrics statements="2" coveredstatements="2" conditionals="0" coveredconditionals="0" methods="1" coveredmethods="1"/>
      <line num="2" count="1" type="stmt"/>
      <line num="5" count="1" type="stmt"/>
    </file>
    <file name="blog.js" path="E:\Code_X\Level3\JestJS\JSfiles\blog.js">
      <metrics statements="10" coveredstatements="10" conditionals="2" coveredconditionals="2" methods="4" coveredmethods="4"/>
      <line num="3" count="1" type="stmt"/>
      <line num="4" count="2" type="stmt"/>
      <line num="7" count="1" type="stmt"/>
      <line num="14" count="1" type="stmt"/>
      <line num="16" count="2" type="cond" truecount="2" falsecount="0"/>
      <line num="17" count="1" type="stmt"/>
      <line num="22" count="1" type="stmt"/>
      <line num="29" count="1" type="stmt"/>
      <line num="30" count="1" type="stmt"/>
      <line num="33" count="1" type="stmt"/>
    </file>
    <file name="books-provider.js" path="E:\Code_X\Level3\JestJS\JSfiles\books-provider.js">
      <metrics statements="3" coveredstatements="1" conditionals="0" coveredconditionals="0" methods="1" coveredmethods="0"/>
      <line num="2" count="0" type="stmt"/>
      <line num="4" count="0" type="stmt"/>
      <line num="32" count="1" type="stmt"/>
    </file>
    <file name="bookservice.js" path="E:\Code_X\Level3\JestJS\JSfiles\bookservice.js">
      <metrics statements="26" coveredstatements="12" conditionals="8" coveredconditionals="2" methods="11" coveredmethods="4"/>
      <line num="1" count="1" type="stmt"/>
      <line num="2" count="1" type="stmt"/>
      <line num="5" count="1" type="stmt"/>
      <line num="7" count="1" type="stmt"/>
      <line num="9" count="1" type="cond" truecount="1" falsecount="1"/>
      <line num="10" count="0" type="stmt"/>
      <line num="13" count="1" type="stmt"/>
      <line num="14" count="1" type="stmt"/>
      <line num="24" count="1" type="stmt"/>
      <line num="28" count="1" type="stmt"/>
      <line num="29" count="1" type="cond" truecount="1" falsecount="1"/>
      <line num="30" count="1" type="stmt"/>
      <line num="33" count="0" type="stmt"/>
      <line num="35" count="0" type="stmt"/>
      <line num="39" count="0" type="stmt"/>
      <line num="41" count="0" type="cond" truecount="0" falsecount="2"/>
      <line num="45" count="0" type="stmt"/>
      <line num="46" count="0" type="cond" truecount="0" falsecount="2"/>
      <line num="47" count="0" type="stmt"/>
      <line num="50" count="0" type="stmt"/>
      <line num="51" count="0" type="stmt"/>
      <line num="53" count="0" type="stmt"/>
      <line num="57" count="0" type="stmt"/>
      <line num="59" count="0" type="stmt"/>
      <line num="60" count="0" type="stmt"/>
      <line num="64" count="1" type="stmt"/>
    </file>
    <file name="cloneArray.js" path="E:\Code_X\Level3\JestJS\JSfiles\cloneArray.js">
      <metrics statements="2" coveredstatements="2" conditionals="0" coveredconditionals="0" methods="1" coveredmethods="1"/>
      <line num="2" count="2" type="stmt"/>
      <line num="5" count="1" type="stmt"/>
    </file>
    <file name="dates.js" path="E:\Code_X\Level3\JestJS\JSfiles\dates.js">
      <metrics statements="3" coveredstatements="3" conditionals="0" coveredconditionals="0" methods="1" coveredmethods="1"/>
      <line num="2" count="1" type="stmt"/>
      <line num="3" count="1" type="stmt"/>
      <line num="6" count="1" type="stmt"/>
    </file>
    <file name="divide.js" path="E:\Code_X\Level3\JestJS\JSfiles\divide.js">
      <metrics statements="2" coveredstatements="2" conditionals="0" coveredconditionals="0" methods="1" coveredmethods="1"/>
      <line num="2" count="1" type="stmt"/>
      <line num="4" count="1" type="stmt"/>
    </file>
    <file name="email-service.js" path="E:\Code_X\Level3\JestJS\JSfiles\email-service.js">
      <metrics statements="2" coveredstatements="1" conditionals="0" coveredconditionals="0" methods="1" coveredmethods="0"/>
      <line num="2" count="0" type="stmt"/>
      <line num="5" count="1" type="stmt"/>
    </file>
    <file name="helloWorld.js" path="E:\Code_X\Level3\JestJS\JSfiles\helloWorld.js">
      <metrics statements="2" coveredstatements="2" conditionals="0" coveredconditionals="0" methods="1" coveredmethods="1"/>
      <line num="2" count="2" type="stmt"/>
      <line num="4" count="1" type="stmt"/>
    </file>
    <file name="multiply.js" path="E:\Code_X\Level3\JestJS\JSfiles\multiply.js">
      <metrics statements="2" coveredstatements="2" conditionals="0" coveredconditionals="0" methods="1" coveredmethods="1"/>
      <line num="2" count="1" type="stmt"/>
      <line num="4" count="1" type="stmt"/>
    </file>
    <file name="numberToPower.js" path="E:\Code_X\Level3\JestJS\JSfiles\numberToPower.js">
      <metrics statements="2" coveredstatements="2" conditionals="0" coveredconditionals="0" methods="1" coveredmethods="1"/>
      <line num="2" count="1" type="stmt"/>
      <line num="5" count="1" type="stmt"/>
    </file>
    <file name="reverseString.js" path="E:\Code_X\Level3\JestJS\JSfiles\reverseString.js">
      <metrics statements="2" coveredstatements="2" conditionals="0" coveredconditionals="0" methods="1" coveredmethods="1"/>
      <line num="2" count="2" type="stmt"/>
      <line num="5" count="1" type="stmt"/>
    </file>
    <file name="server-routes.js" path="E:\Code_X\Level3\JestJS\JSfiles\server-routes.js">
      <metrics statements="27" coveredstatements="26" conditionals="4" coveredconditionals="3" methods="8" coveredmethods="8"/>
      <line num="1" count="1" type="stmt"/>
      <line num="2" count="1" type="stmt"/>
      <line num="4" count="1" type="stmt"/>
      <line num="6" count="1" type="stmt"/>
      <line num="8" count="1" type="stmt"/>
      <line num="9" count="1" type="stmt"/>
      <line num="12" count="1" type="stmt"/>
      <line num="13" count="1" type="stmt"/>
      <line num="14" count="1" type="cond" truecount="1" falsecount="1"/>
      <line num="15" count="0" type="stmt"/>
      <line num="17" count="1" type="stmt"/>
      <line num="21" count="1" type="stmt"/>
      <line num="22" count="1" type="stmt"/>
      <line num="23" count="1" type="stmt"/>
      <line num="24" count="1" type="stmt"/>
      <line num="30" count="1" type="stmt"/>
      <line num="35" count="1" type="stmt"/>
      <line num="36" count="3" type="cond" truecount="2" falsecount="0"/>
      <line num="37" count="1" type="stmt"/>
      <line num="39" count="2" type="stmt"/>
      <line num="42" count="1" type="stmt"/>
      <line num="44" count="1" type="stmt"/>
      <line num="50" count="1" type="stmt"/>
      <line num="51" count="3" type="stmt"/>
      <line num="52" count="1" type="stmt"/>
      <line num="53" count="1" type="stmt"/>
      <line num="60" count="1" type="stmt"/>
    </file>
    <file name="subtract.js" path="E:\Code_X\Level3\JestJS\JSfiles\subtract.js">
      <metrics statements="2" coveredstatements="2" conditionals="0" coveredconditionals="0" methods="1" coveredmethods="1"/>
      <line num="2" count="1" type="stmt"/>
      <line num="4" count="1" type="stmt"/>
    </file>
    <file name="sum.js" path="E:\Code_X\Level3\JestJS\JSfiles\sum.js">
      <metrics statements="2" coveredstatements="2" conditionals="0" coveredconditionals="0" methods="1" coveredmethods="1"/>
      <line num="2" count="1" type="stmt"/>
      <line num="4" count="1" type="stmt"/>
    </file>
    <file name="uppercase.js" path="E:\Code_X\Level3\JestJS\JSfiles\uppercase.js">
      <metrics statements="2" coveredstatements="2" conditionals="0" coveredconditionals="0" methods="1" coveredmethods="1"/>
      <line num="2" count="1" type="stmt"/>
      <line num="4" count="1" type="stmt"/>
    </file>
    <file name="validate.js" path="E:\Code_X\Level3\JestJS\JSfiles\validate.js">
      <metrics statements="5" coveredstatements="5" conditionals="3" coveredconditionals="3" methods="1" coveredmethods="1"/>
      <line num="2" count="9" type="stmt"/>
      <line num="3" count="9" type="stmt"/>
      <line num="4" count="9" type="stmt"/>
      <line num="9" count="9" type="cond" truecount="3" falsecount="0"/>
      <line num="11" count="1" type="stmt"/>
    </file>
    <file name="woof.js" path="E:\Code_X\Level3\JestJS\JSfiles\woof.js">
      <metrics statements="3" coveredstatements="3" conditionals="0" coveredconditionals="0" methods="1" coveredmethods="1"/>
      <line num="2" count="1" type="stmt"/>
      <line num="3" count="1" type="stmt"/>
      <line num="5" count="1" type="stmt"/>
    </file>
  </project>
</coverage>
