TN:
SF:JSfiles\anagram.js
FN:1,isAnagram
FN:6,formatStr
FNF:2
FNH:2
FNDA:1,isAnagram
FNDA:2,formatStr
DA:2,1
DA:7,2
DA:15,1
LF:3
LH:3
BRF:0
BRH:0
end_of_record
TN:
SF:JSfiles\arraySort.js
FN:1,arraySort
FNF:1
FNH:1
FNDA:1,arraySort
DA:2,1
DA:5,1
LF:2
LH:2
BRF:0
BRH:0
end_of_record
TN:
SF:JSfiles\blog.js
FN:1,getTotalLikes
FN:3,(anonymous_1)
FN:10,getMostPopularBlog
FN:15,(anonymous_3)
FNF:4
FNH:4
FNDA:1,getTotalLikes
FNDA:2,(anonymous_1)
FNDA:1,getMostPopularBlog
FNDA:2,(anonymous_3)
DA:3,1
DA:4,2
DA:7,1
DA:14,1
DA:16,2
DA:17,1
DA:22,1
DA:29,1
DA:30,1
DA:33,1
LF:10
LH:10
BRDA:16,0,0,1
BRDA:16,0,1,1
BRF:2
BRH:2
end_of_record
TN:
SF:JSfiles\books-provider.js
FN:1,getBooks
FNF:1
FNH:0
FNDA:0,getBooks
DA:2,0
DA:4,0
DA:32,1
LF:3
LH:1
BRF:0
BRH:0
end_of_record
TN:
SF:JSfiles\bookservice.js
FN:4,searchBooks
FN:7,(anonymous_1)
FN:13,(anonymous_2)
FN:27,_formatBookName
FN:38,getMostPopularBook
FN:41,(anonymous_5)
FN:44,calculateDiscount
FN:45,(anonymous_7)
FN:56,calculateDiscountAsync
FN:59,(anonymous_9)
FN:60,(anonymous_10)
FNF:11
FNH:4
FNDA:1,searchBooks
FNDA:1,(anonymous_1)
FNDA:1,(anonymous_2)
FNDA:1,_formatBookName
FNDA:0,getMostPopularBook
FNDA:0,(anonymous_5)
FNDA:0,calculateDiscount
FNDA:0,(anonymous_7)
FNDA:0,calculateDiscountAsync
FNDA:0,(anonymous_9)
FNDA:0,(anonymous_10)
DA:1,1
DA:2,1
DA:5,1
DA:7,1
DA:9,1
DA:10,0
DA:13,1
DA:14,1
DA:24,1
DA:28,1
DA:29,1
DA:30,1
DA:33,0
DA:35,0
DA:39,0
DA:41,0
DA:45,0
DA:46,0
DA:47,0
DA:50,0
DA:51,0
DA:53,0
DA:57,0
DA:59,0
DA:60,0
DA:64,1
LF:26
LH:12
BRDA:9,0,0,0
BRDA:9,0,1,1
BRDA:29,1,0,1
BRDA:29,1,1,0
BRDA:41,2,0,0
BRDA:41,2,1,0
BRDA:46,3,0,0
BRDA:46,3,1,0
BRF:8
BRH:2
end_of_record
TN:
SF:JSfiles\cloneArray.js
FN:1,cloneArray
FNF:1
FNH:1
FNDA:2,cloneArray
DA:2,2
DA:5,1
LF:2
LH:2
BRF:0
BRH:0
end_of_record
TN:
SF:JSfiles\dates.js
FN:1,monthDayYear
FNF:1
FNH:1
FNDA:1,monthDayYear
DA:2,1
DA:3,1
DA:6,1
LF:3
LH:3
BRF:0
BRH:0
end_of_record
TN:
SF:JSfiles\divide.js
FN:1,divide
FNF:1
FNH:1
FNDA:1,divide
DA:2,1
DA:4,1
LF:2
LH:2
BRF:0
BRH:0
end_of_record
TN:
SF:JSfiles\email-service.js
FN:1,sendMissingBookEmail
FNF:1
FNH:0
FNDA:0,sendMissingBookEmail
DA:2,0
DA:5,1
LF:2
LH:1
BRF:0
BRH:0
end_of_record
TN:
SF:JSfiles\helloWorld.js
FN:1,helloWorld
FNF:1
FNH:1
FNDA:2,helloWorld
DA:2,2
DA:4,1
LF:2
LH:2
BRF:0
BRH:0
end_of_record
TN:
SF:JSfiles\multiply.js
FN:1,multiply
FNF:1
FNH:1
FNDA:1,multiply
DA:2,1
DA:4,1
LF:2
LH:2
BRF:0
BRH:0
end_of_record
TN:
SF:JSfiles\numberToPower.js
FN:1,numberToPower
FNF:1
FNH:1
FNDA:1,numberToPower
DA:2,1
DA:5,1
LF:2
LH:2
BRF:0
BRH:0
end_of_record
TN:
SF:JSfiles\reverseString.js
FN:1,reverseString
FNF:1
FNH:1
FNDA:2,reverseString
DA:2,2
DA:5,1
LF:2
LH:2
BRF:0
BRH:0
end_of_record
TN:
SF:JSfiles\server-routes.js
FN:8,(anonymous_0)
FN:12,(anonymous_1)
FN:13,(anonymous_2)
FN:21,(anonymous_3)
FN:30,(anonymous_4)
FN:35,(anonymous_5)
FN:50,(anonymous_6)
FN:51,(anonymous_7)
FNF:8
FNH:8
FNDA:1,(anonymous_0)
FNDA:1,(anonymous_1)
FNDA:1,(anonymous_2)
FNDA:1,(anonymous_3)
FNDA:1,(anonymous_4)
FNDA:3,(anonymous_5)
FNDA:1,(anonymous_6)
FNDA:3,(anonymous_7)
DA:1,1
DA:2,1
DA:4,1
DA:6,1
DA:8,1
DA:9,1
DA:12,1
DA:13,1
DA:14,1
DA:15,0
DA:17,1
DA:21,1
DA:22,1
DA:23,1
DA:24,1
DA:30,1
DA:35,1
DA:36,3
DA:37,1
DA:39,2
DA:42,1
DA:44,1
DA:50,1
DA:51,3
DA:52,1
DA:53,1
DA:60,1
LF:27
LH:26
BRDA:14,0,0,0
BRDA:14,0,1,1
BRDA:36,1,0,1
BRDA:36,1,1,2
BRF:4
BRH:3
end_of_record
TN:
SF:JSfiles\subtract.js
FN:1,subtract
FNF:1
FNH:1
FNDA:1,subtract
DA:2,1
DA:4,1
LF:2
LH:2
BRF:0
BRH:0
end_of_record
TN:
SF:JSfiles\sum.js
FN:1,sum
FNF:1
FNH:1
FNDA:1,sum
DA:2,1
DA:4,1
LF:2
LH:2
BRF:0
BRH:0
end_of_record
TN:
SF:JSfiles\uppercase.js
FN:1,upperCase
FNF:1
FNH:1
FNDA:1,upperCase
DA:2,1
DA:4,1
LF:2
LH:2
BRF:0
BRH:0
end_of_record
TN:
SF:JSfiles\validate.js
FN:1,validatePassword
FNF:1
FNH:1
FNDA:9,validatePassword
DA:2,9
DA:3,9
DA:4,9
DA:9,9
DA:11,1
LF:5
LH:5
BRDA:9,0,0,9
BRDA:9,0,1,7
BRDA:9,0,2,6
BRF:3
BRH:3
end_of_record
TN:
SF:JSfiles\woof.js
FN:1,woof
FNF:1
FNH:1
FNDA:1,woof
DA:2,1
DA:3,1
DA:5,1
LF:3
LH:3
BRF:0
BRH:0
end_of_record
