TN:
SF:JSfiles\anagram.js
FN:1,isAnagram
FN:6,formatStr
FNF:2
FNH:2
FNDA:1,isAnagram
FNDA:2,formatStr
DA:2,1
DA:7,2
DA:15,1
LF:3
LH:3
BRF:0
BRH:0
end_of_record
TN:
SF:JSfiles\arraySort.js
FN:1,arraySort
FNF:1
FNH:0
FNDA:0,arraySort
DA:2,0
DA:5,1
LF:2
LH:1
BRF:0
BRH:0
end_of_record
TN:
SF:JSfiles\cloneArray.js
FN:1,cloneArray
FNF:1
FNH:1
FNDA:2,cloneArray
DA:2,2
DA:5,1
LF:2
LH:2
BRF:0
BRH:0
end_of_record
TN:
SF:JSfiles\divide.js
FN:1,divide
FNF:1
FNH:1
FNDA:1,divide
DA:2,1
DA:4,1
LF:2
LH:2
BRF:0
BRH:0
end_of_record
TN:
SF:JSfiles\helloWorld.js
FN:1,helloWorld
FNF:1
FNH:1
FNDA:2,helloWorld
DA:2,2
DA:4,1
LF:2
LH:2
BRF:0
BRH:0
end_of_record
TN:
SF:JSfiles\multiply.js
FN:1,multiply
FNF:1
FNH:1
FNDA:1,multiply
DA:2,1
DA:4,1
LF:2
LH:2
BRF:0
BRH:0
end_of_record
TN:
SF:JSfiles\numberToPower.js
FN:1,numberToPower
FNF:1
FNH:1
FNDA:1,numberToPower
DA:2,1
DA:5,1
LF:2
LH:2
BRF:0
BRH:0
end_of_record
TN:
SF:JSfiles\reverseString.js
FN:1,reverseString
FNF:1
FNH:1
FNDA:2,reverseString
DA:2,2
DA:5,1
LF:2
LH:2
BRF:0
BRH:0
end_of_record
TN:
SF:JSfiles\subtract.js
FN:1,subtract
FNF:1
FNH:1
FNDA:1,subtract
DA:2,1
DA:4,1
LF:2
LH:2
BRF:0
BRH:0
end_of_record
TN:
SF:JSfiles\sum.js
FN:1,sum
FNF:1
FNH:1
FNDA:1,sum
DA:2,1
DA:4,1
LF:2
LH:2
BRF:0
BRH:0
end_of_record
